[debug] [2021-01-31T17:38:14.143Z] ----------------------------------------------------------------------
[debug] [2021-01-31T17:38:14.144Z] Command:       /home/gitpod/.nvm/versions/node/v14.15.4/bin/node /home/gitpod/.nvm/versions/node/v14.15.4/bin/firebase deploy --token 1//03wq6tCi1AzTJCgYIARAAGAMSNwF-L9IrBPhfqSkdCPHqk9qPZ8Qen6ln7sS1CIJFK9PypCaXWqVXY1oFqCBpFpj0v9jIabjzH_8
[debug] [2021-01-31T17:38:14.145Z] CLI Version:   9.2.2
[debug] [2021-01-31T17:38:14.145Z] Platform:      linux
[debug] [2021-01-31T17:38:14.145Z] Node Version:  v14.15.4
[debug] [2021-01-31T17:38:14.145Z] Time:          Sun Jan 31 2021 17:38:14 GMT+0000 (Coordinated Universal Time)
[debug] [2021-01-31T17:38:14.145Z] ----------------------------------------------------------------------
[debug] [2021-01-31T17:38:14.145Z] 
[debug] [2021-01-31T17:38:14.150Z] > command requires scopes: ["email","openid","https://www.googleapis.com/auth/cloudplatformprojects.readonly","https://www.googleapis.com/auth/firebase","https://www.googleapis.com/auth/cloud-platform"]
[debug] [2021-01-31T17:38:14.151Z] > authorizing via --token option
[debug] [2021-01-31T17:38:14.151Z] [iam] checking project willifmoore-blog for permissions ["firebase.projects.get","firebasehosting.sites.update"]
[debug] [2021-01-31T17:38:14.152Z] > refreshing access token with scopes: ["email","openid","https://www.googleapis.com/auth/cloudplatformprojects.readonly","https://www.googleapis.com/auth/firebase","https://www.googleapis.com/auth/cloud-platform"]
[debug] [2021-01-31T17:38:14.153Z] >>> HTTP REQUEST POST https://www.googleapis.com/oauth2/v3/token  
 <request body omitted>
[debug] [2021-01-31T17:38:14.233Z] <<< HTTP RESPONSE 200 {"pragma":"no-cache","cache-control":"no-cache, no-store, max-age=0, must-revalidate","expires":"Mon, 01 Jan 1990 00:00:00 GMT","date":"Sun, 31 Jan 2021 17:38:14 GMT","content-type":"application/json; charset=utf-8","vary":"X-Origin, Referer, Origin,Accept-Encoding","server":"scaffolding on HTTPServer2","x-xss-protection":"0","x-frame-options":"SAMEORIGIN","x-content-type-options":"nosniff","accept-ranges":"none","transfer-encoding":"chunked"}
[debug] [2021-01-31T17:38:14.235Z] >>> HTTP REQUEST POST https://cloudresourcemanager.googleapis.com/v1/projects/willifmoore-blog:testIamPermissions  
 {"permissions":["firebase.projects.get","firebasehosting.sites.update"]}
[debug] [2021-01-31T17:38:14.371Z] <<< HTTP RESPONSE 200 {"content-type":"application/json; charset=UTF-8","vary":"X-Origin, Referer, Origin,Accept-Encoding","date":"Sun, 31 Jan 2021 17:38:14 GMT","server":"ESF","cache-control":"private","x-xss-protection":"0","x-frame-options":"SAMEORIGIN","x-content-type-options":"nosniff","server-timing":"gfet4t7; dur=122","accept-ranges":"none","transfer-encoding":"chunked"}
[debug] [2021-01-31T17:38:14.373Z] > refreshing access token with scopes: []
[debug] [2021-01-31T17:38:14.373Z] >>> HTTP REQUEST POST https://www.googleapis.com/oauth2/v3/token  
 <request body omitted>
[debug] [2021-01-31T17:38:14.421Z] <<< HTTP RESPONSE 200 {"date":"Sun, 31 Jan 2021 17:38:14 GMT","pragma":"no-cache","cache-control":"no-cache, no-store, max-age=0, must-revalidate","expires":"Mon, 01 Jan 1990 00:00:00 GMT","content-type":"application/json; charset=utf-8","vary":"X-Origin, Referer, Origin,Accept-Encoding","server":"scaffolding on HTTPServer2","x-xss-protection":"0","x-frame-options":"SAMEORIGIN","x-content-type-options":"nosniff","accept-ranges":"none","transfer-encoding":"chunked"}
[debug] [2021-01-31T17:38:14.423Z] >>> [apiv2][query] GET https://firebase.googleapis.com/v1beta1/projects/willifmoore-blog [none]
[debug] [2021-01-31T17:38:14.592Z] <<< [apiv2][status] GET https://firebase.googleapis.com/v1beta1/projects/willifmoore-blog 200
[debug] [2021-01-31T17:38:14.593Z] <<< [apiv2][body] GET https://firebase.googleapis.com/v1beta1/projects/willifmoore-blog {"projectId":"willifmoore-blog","projectNumber":"506269907402","displayName":"willifmoore-blog","name":"projects/willifmoore-blog","resources":{"hostingSite":"willifmoore-blog","realtimeDatabaseInstance":"willifmoore-blog"},"state":"ACTIVE"}
[info] 
[info] === Deploying to 'willifmoore-blog'...
[info] 
[info] i  deploying hosting 
[debug] [2021-01-31T17:38:14.596Z] > refreshing access token with scopes: ["email","https://www.googleapis.com/auth/cloud-platform","https://www.googleapis.com/auth/cloudplatformprojects.readonly","https://www.googleapis.com/auth/firebase","openid"]
[debug] [2021-01-31T17:38:14.596Z] >>> HTTP REQUEST POST https://www.googleapis.com/oauth2/v3/token  
 <request body omitted>
[debug] [2021-01-31T17:38:14.643Z] <<< HTTP RESPONSE 200 {"date":"Sun, 31 Jan 2021 17:38:14 GMT","expires":"Mon, 01 Jan 1990 00:00:00 GMT","cache-control":"no-cache, no-store, max-age=0, must-revalidate","pragma":"no-cache","content-type":"application/json; charset=utf-8","vary":"X-Origin, Referer, Origin,Accept-Encoding","server":"scaffolding on HTTPServer2","x-xss-protection":"0","x-frame-options":"SAMEORIGIN","x-content-type-options":"nosniff","accept-ranges":"none","transfer-encoding":"chunked"}
[debug] [2021-01-31T17:38:14.643Z] >>> HTTP REQUEST POST https://firebasehosting.googleapis.com/v1beta1/sites/willifmoore-blog/versions  
 {"config":{"rewrites":[{"glob":"**","path":"/index.html"}]},"labels":{"deployment-tool":"cli-firebase"}}
[debug] [2021-01-31T17:38:15.707Z] <<< HTTP RESPONSE 200 {"content-type":"application/json; charset=UTF-8","vary":"X-Origin, Referer, Origin,Accept-Encoding","date":"Sun, 31 Jan 2021 17:38:15 GMT","server":"ESF","cache-control":"private","x-xss-protection":"0","x-frame-options":"SAMEORIGIN","x-content-type-options":"nosniff","accept-ranges":"none","transfer-encoding":"chunked"}
[info] i  hosting[willifmoore-blog]: beginning deploy... 
[info] i  hosting[willifmoore-blog]: found 25 files in build 
[debug] [2021-01-31T17:38:15.836Z] > refreshing access token with scopes: []
[debug] [2021-01-31T17:38:15.837Z] >>> HTTP REQUEST POST https://www.googleapis.com/oauth2/v3/token  
 <request body omitted>
[debug] [2021-01-31T17:38:15.838Z] [hosting] hash cache [YnVpbGQ] stored for 25 files
[debug] [2021-01-31T17:38:15.838Z] [hosting][hash queue][FINAL] {"max":114,"min":10,"avg":28.2,"active":0,"complete":25,"success":25,"errored":0,"retried":0,"total":25,"elapsed":119}
[debug] [2021-01-31T17:38:15.868Z] <<< HTTP RESPONSE 200 {"date":"Sun, 31 Jan 2021 17:38:15 GMT","expires":"Mon, 01 Jan 1990 00:00:00 GMT","pragma":"no-cache","cache-control":"no-cache, no-store, max-age=0, must-revalidate","content-type":"application/json; charset=utf-8","vary":"X-Origin, Referer, Origin,Accept-Encoding","server":"scaffolding on HTTPServer2","x-xss-protection":"0","x-frame-options":"SAMEORIGIN","x-content-type-options":"nosniff","accept-ranges":"none","transfer-encoding":"chunked"}
[debug] [2021-01-31T17:38:15.869Z] >>> [apiv2][query] POST https://firebasehosting.googleapis.com/v1beta1/sites/willifmoore-blog/versions/3e34d7c487cac126:populateFiles [none]
[debug] [2021-01-31T17:38:15.869Z] >>> [apiv2][body] POST https://firebasehosting.googleapis.com/v1beta1/sites/willifmoore-blog/versions/3e34d7c487cac126:populateFiles {"files":{"/asset-manifest.json":"72b6d4fa5a2dac824790835e36ff7628cc2b9aeafd791bac3523478bf1ce2eed","/index.html":"b713b024266170dbbaa1f8fc7b372c012813033606947784eb0fbf478d48e168","/logo192.png":"76c449ccb9cd117c2f2338f091b18f7050f3210e249b2228f5c81b23f34377cd","/manifest.json":"95f74120400ff004891c19b2cfb80fb40032480116927e12d258409af9e5970e","/robots.txt":"9486af852ce71d8ddbb9bc5bd6f7a3e45740f8c66ee724d1ae2bcc4dd7d3ded0","/precache-manifest.c29879c3ba6bfc3c4611f39f30d6072d.js":"befe98d84685aa6ea3fbada640e9baed967c5ca023e16e03323fc6bd962f01c6","/service-worker.js":"51453675b3aa66054c81d77a1efb19289595847a0b832bd62d0e14f2c9372e8c","/static/css/main.4cd3449d.chunk.css":"15f4de0b4ebf0ae862326fc054ab173564d8ccfce9bd45c86aface1c1a3362b3","/static/css/main.4cd3449d.chunk.css.map":"b775ef22cef296f4fec01a024684f3614569c3888d902cd7fb21bf49d167aa6d","/logo512.png":"7779210d56c1f3741e2e487799fe3092def4fa6ac450a60532b807c3a8971205","/static/js/2.02d5d2df.chunk.js.LICENSE.txt":"b42767d6b6a8ed4f9fa0193424281b38904fc51b931836e91f722945d435cd1e","/favicon.ico":"ee98190d253b3db93e17860a5f2585355fe728ff56bcd02f765c7efd7a3ce978","/static/js/runtime-main.efc51114.js":"35647eceec0296bf715eacafee8c80cbf06a9bdeeeab5d833058d6046fe02d81","/static/js/main.134de5c7.chunk.js":"0a1cde825b5f65882c4c81b252d5e36570e622d935803506361f1e34906c92b3","/static/js/runtime-main.efc51114.js.map":"2bf84f7c3ec1dfe7b6b37fee00c1b5b1320aa5b02fbb317db3ab92bbe3f932c6","/static/js/main.134de5c7.chunk.js.map":"231d1ade249b75f0a588909134b67700ef3a23a446cd0b4783d7f44d27c12024","/static/js/2.02d5d2df.chunk.js":"3da96b21ca5581c45ed1a7d21a7957a4210376f09495b8bc7576000dcc591f06","/assets/img/3030.jpg":"91f6be31f3dc0b3d1ceff87e937a4111f963aed6d7b0b78a668fb831d101f685","/static/media/nobsbrand.7a87f52e.png":"52209364498c1096585cd9855294f8f4559e3878bd4e488d1a293a5b6ce8a77e","/static/media/13moons.bb5b5da4.png":"20485728b80b352754f2d93a097af52c1ba4d87837040c290b50188891511b99","/assets/img/13moons.jpg":"0fa9935e07d3edc3b76a834521208660545076f6193da5b3265f2f164208b192","/static/media/sagebook.511098d4.png":"17116a9b1d753516a646f32ad1005a85fa2af457cfa2241ba4d0fc8872a9c300","/assets/img/lonelyroads.png":"91b127d25bacfd1adec55a748053ac011410b3ceee68cdea71c4eac1bfaf80ee","/static/media/headerImage.5ec5da58.png":"0477e6d2aa40a0ceac6729d6eb091f7a9ed42f6347c9c5e9b9baf3af3044c3ef","/static/js/2.02d5d2df.chunk.js.map":"f494b157aeaa063c9aac33e983830884444507e416947489c73a31e59684063c"}}
